<?xml version="1.0" encoding="UTF-8"?>
<testng-results skipped="0" failed="0" total="1" passed="1">
  <reporter-output>
  </reporter-output>
  <suite name="Example test run" duration-ms="11181" started-at="2017-06-26T17:32:12Z" finished-at="2017-06-26T17:32:23Z">
    <groups>
    </groups>
    <test name="Simple Test" duration-ms="11181" started-at="2017-06-26T17:32:12Z" finished-at="2017-06-26T17:32:23Z">
      <class name="myPack.Testfacebook">
        <test-method status="PASS" signature="TestFireFox()[pri:0, instance:myPack.Testfacebook@20e2cbe0]" name="TestFireFox" duration-ms="11149" started-at="2017-06-26T23:02:12Z" finished-at="2017-06-26T23:02:23Z">
          <reporter-output>
          </reporter-output>
        </test-method> <!-- TestFireFox -->
      </class> <!-- myPack.Testfacebook -->
    </test> <!-- Simple Test -->
  </suite> <!-- Example test run -->
</testng-results>
